Project Informationc:\documents and settings\germanoa\desktop\ufrgs\td\ap09\ap09\ap09.rpt

MAX+plus II Compiler Report File
Version 10.2 07/10/2002
Compiled: 05/20/2009 14:12:55

Copyright (C) 1988-2002 Altera Corporation
Any megafunction design, and related net list (encrypted or decrypted),
support information, device programming or simulation file, and any other
associated documentation or information provided by Altera or a partner
under Altera's Megafunction Partnership Program may be used only to
program PLD devices (but not masked PLD devices) from Altera.  Any other
use of such megafunction design, net list, support information, device
programming or simulation file, or any other related documentation or
information is prohibited for any other purpose, including, but not
limited to modification, reverse engineering, de-compiling, or use with
any other silicon devices, unless such use is explicitly licensed under
a separate agreement with Altera or a megafunction partner.  Title to
the intellectual property, including patents, copyrights, trademarks,
trade secrets, or maskworks, embodied in any such megafunction design,
net list, support information, device programming or simulation file, or
any other related documentation or information provided by Altera or a
megafunction partner, remains with Altera, the megafunction partner, or
their respective licensors.  No other licenses, including any licenses
needed under any third party's intellectual property, are provided herein.



***** Project compilation was successful




** DEVICE SUMMARY **

Chip/                     Input   Output   Bidir         Shareable
POF       Device          Pins    Pins     Pins     LCs  Expanders  % Utilized

ap09      EPM7032LC44-6    7        9        0      19      5           59 %

User Pins:                 7        9        0  



Project Informationc:\documents and settings\germanoa\desktop\ufrgs\td\ap09\ap09\ap09.rpt

** FILE HIERARCHY **



|detectacentena:10|
|conversorbin2dec:22|


Device-Specific Information:c:\documents and settings\germanoa\desktop\ufrgs\td\ap09\ap09\ap09.rpt
ap09

***** Logic for device 'ap09' compiled without errors.




Device: EPM7032LC44-6

Device Options:
    Turbo Bit                                    = ON
    Security Bit                                 = OFF

                                               
                                               
                                               
                                               
                                               
                       V  G  G  G  G  G        
              I  I  I  C  N  N  N  N  N  X  X  
              4  2  5  C  D  D  D  D  D  3  4  
            -----------------------------------_ 
          /   6  5  4  3  2  1 44 43 42 41 40   | 
      I6 |  7                                39 | Y1 
      I3 |  8                                38 | Y2 
      I0 |  9                                37 | Y4 
     GND | 10                                36 | X2 
      I1 | 11                                35 | VCC 
      X1 | 12         EPM7032LC44-6          34 | RESERVED 
       C | 13                                33 | RESERVED 
      Y3 | 14                                32 | RESERVED 
     VCC | 15                                31 | RESERVED 
RESERVED | 16                                30 | GND 
RESERVED | 17                                29 | RESERVED 
         |_  18 19 20 21 22 23 24 25 26 27 28  _| 
           ------------------------------------ 
              R  R  R  R  G  V  R  R  R  R  R  
              E  E  E  E  N  C  E  E  E  E  E  
              S  S  S  S  D  C  S  S  S  S  S  
              E  E  E  E        E  E  E  E  E  
              R  R  R  R        R  R  R  R  R  
              V  V  V  V        V  V  V  V  V  
              E  E  E  E        E  E  E  E  E  
              D  D  D  D        D  D  D  D  D  


N.C. = No Connect. This pin has no internal connection to the device.
VCC = Dedicated power pin, which MUST be connected to VCC.
GND = Dedicated ground pin or unused dedicated input, which MUST be connected to GND.
RESERVED = Unused I/O pin, which MUST be left unconnected.



Device-Specific Information:c:\documents and settings\germanoa\desktop\ufrgs\td\ap09\ap09\ap09.rpt
ap09

** RESOURCE USAGE **

                                                Shareable     External
Logic Array Block     Logic Cells   I/O Pins    Expanders   Interconnect

A:     LC1 - LC16     3/16( 18%)  10/16( 62%)   0/16(  0%)   6/36( 16%) 
B:    LC17 - LC32    16/16(100%)   6/16( 37%)  16/16(100%)  16/36( 44%) 


Total dedicated input pins used:                 0/4      (  0%)
Total I/O pins used:                            16/32     ( 50%)
Total logic cells used:                         19/32     ( 59%)
Total shareable expanders used:                  5/32     ( 15%)
Total Turbo logic cells used:                   19/32     ( 59%)
Total shareable expanders not available (n/a):  11/32     ( 34%)
Average fan-in:                                  5.84
Total fan-in:                                   111

Total input pins required:                       7
Total output pins required:                      9
Total bidirectional pins required:               0
Total logic cells required:                     19
Total flipflops required:                        0
Total product terms required:                   76
Total logic cells lending parallel expanders:    0
Total shareable expanders in database:           5

Synthesized logic cells:                        10/  32   ( 31%)



Device-Specific Information:c:\documents and settings\germanoa\desktop\ufrgs\td\ap09\ap09\ap09.rpt
ap09

** INPUTS **

                                         Shareable
                                         Expanders     Fan-In    Fan-Out
 Pin     LC  LAB  Primitive    Code   Total Shared n/a INP  FBK  OUT  FBK  Name
   9    (6)  (A)      INPUT               0      0   0    0    0    1    0  I0
  11    (7)  (A)      INPUT               0      0   0    0    0    3    9  I1
   5    (2)  (A)      INPUT               0      0   0    0    0    6   10  I2
   8    (5)  (A)      INPUT               0      0   0    0    0    8   10  I3
   6    (3)  (A)      INPUT               0      0   0    0    0    8   10  I4
   4    (1)  (A)      INPUT               0      0   0    0    0    8   10  I5
   7    (4)  (A)      INPUT               0      0   0    0    0    8   10  I6


Code:

s = Synthesized pin or logic cell
t = Turbo logic cell
+ = Synchronous flipflop
! = NOT gate push-back
r = Fitter-inserted logic cell


Device-Specific Information:c:\documents and settings\germanoa\desktop\ufrgs\td\ap09\ap09\ap09.rpt
ap09

** OUTPUTS **

                                         Shareable
                                         Expanders     Fan-In    Fan-Out
 Pin     LC  LAB  Primitive    Code   Total Shared n/a INP  FBK  OUT  FBK  Name
  13      9    A     OUTPUT      t        0      0   0    5    0    0    0  C
  12      8    A     OUTPUT      t        0      0   0    1    0    0    0  X1
  36     22    B     OUTPUT      t        1      0   0    5    3    0    0  X2
  41     17    B     OUTPUT      t        1      1   0    5    3    0    0  X3
  40     18    B     OUTPUT      t        2      0   0    6    2    0    0  X4
  39     19    B     OUTPUT      t        2      1   1    6    2    0    0  Y1
  38     20    B     OUTPUT      t        2      0   1    5    0    0    0  Y2
  14     10    A     OUTPUT      t        0      0   0    4    0    0    0  Y3
  37     21    B     OUTPUT      t        0      0   0    5    0    0    0  Y4


Code:

s = Synthesized pin or logic cell
t = Turbo logic cell
+ = Synchronous flipflop
! = NOT gate push-back
r = Fitter-inserted logic cell


Device-Specific Information:c:\documents and settings\germanoa\desktop\ufrgs\td\ap09\ap09\ap09.rpt
ap09

** BURIED LOGIC **

                                         Shareable
                                         Expanders     Fan-In    Fan-Out
 Pin     LC  LAB  Primitive    Code   Total Shared n/a INP  FBK  OUT  FBK  Name
 (33)    24    B       SOFT    s t        1      0   1    6    0    1    0  |CONVERSORBIN2DEC:22|~262~1
 (32)    25    B       SOFT    s t        1      0   1    6    0    1    0  |CONVERSORBIN2DEC:22|~262~2
 (27)    29    B       SOFT    s t        1      0   1    6    0    1    0  |CONVERSORBIN2DEC:22|~262~3
 (25)    31    B       SOFT    s t        1      0   1    6    0    1    0  |CONVERSORBIN2DEC:22|~511~1
 (29)    27    B       SOFT    s t        1      0   1    6    0    1    0  |CONVERSORBIN2DEC:22|~511~2
 (31)    26    B       SOFT    s t        1      0   1    6    0    1    0  |CONVERSORBIN2DEC:22|~511~3
 (24)    32    B       SOFT    s t        1      0   1    6    0    1    0  |CONVERSORBIN2DEC:22|~724~1
 (26)    30    B       SOFT    s t        1      0   1    6    0    1    0  |CONVERSORBIN2DEC:22|~724~2
 (28)    28    B       SOFT    s t        1      0   1    6    0    1    0  |CONVERSORBIN2DEC:22|~893~1
 (34)    23    B       SOFT    s t        0      0   0    5    0    1    0  |CONVERSORBIN2DEC:22|~893~2


Code:

s = Synthesized pin or logic cell
t = Turbo logic cell
+ = Synchronous flipflop
! = NOT gate push-back
r = Fitter-inserted logic cell


Device-Specific Information:c:\documents and settings\germanoa\desktop\ufrgs\td\ap09\ap09\ap09.rpt
ap09

** LOGIC CELL INTERCONNECTIONS **

Logic Array Block 'A':

               Logic cells placed in LAB 'A'
        +----- LC9 C
        | +--- LC8 X1
        | | +- LC10 Y3
        | | | 
        | | |   Other LABs fed by signals
        | | |   that feed LAB 'A'
LC      | | | | A B |     Logic cells that feed LAB 'A':

Pin
9    -> - * - | * - | <-- I0
5    -> * - - | * * | <-- I2
8    -> * - * | * * | <-- I3
6    -> * - * | * * | <-- I4
4    -> * - * | * * | <-- I5
7    -> * - * | * * | <-- I6


* = The logic cell or pin is an input to the logic cell (or LAB) through the PIA.
- = The logic cell or pin is not an input to the logic cell (or LAB).


Device-Specific Information:c:\documents and settings\germanoa\desktop\ufrgs\td\ap09\ap09\ap09.rpt
ap09

** LOGIC CELL INTERCONNECTIONS **

Logic Array Block 'B':

                                         Logic cells placed in LAB 'B'
        +------------------------------- LC24 |CONVERSORBIN2DEC:22|~262~1
        | +----------------------------- LC25 |CONVERSORBIN2DEC:22|~262~2
        | | +--------------------------- LC29 |CONVERSORBIN2DEC:22|~262~3
        | | | +------------------------- LC31 |CONVERSORBIN2DEC:22|~511~1
        | | | | +----------------------- LC27 |CONVERSORBIN2DEC:22|~511~2
        | | | | | +--------------------- LC26 |CONVERSORBIN2DEC:22|~511~3
        | | | | | | +------------------- LC32 |CONVERSORBIN2DEC:22|~724~1
        | | | | | | | +----------------- LC30 |CONVERSORBIN2DEC:22|~724~2
        | | | | | | | | +--------------- LC28 |CONVERSORBIN2DEC:22|~893~1
        | | | | | | | | | +------------- LC23 |CONVERSORBIN2DEC:22|~893~2
        | | | | | | | | | | +----------- LC22 X2
        | | | | | | | | | | | +--------- LC17 X3
        | | | | | | | | | | | | +------- LC18 X4
        | | | | | | | | | | | | | +----- LC19 Y1
        | | | | | | | | | | | | | | +--- LC20 Y2
        | | | | | | | | | | | | | | | +- LC21 Y4
        | | | | | | | | | | | | | | | | 
        | | | | | | | | | | | | | | | |   Other LABs fed by signals
        | | | | | | | | | | | | | | | |   that feed LAB 'B'
LC      | | | | | | | | | | | | | | | | | A B |     Logic cells that feed LAB 'B':
LC24 -> - - - - - - - - - - * - - - - - | - * | <-- |CONVERSORBIN2DEC:22|~262~1
LC25 -> - - - - - - - - - - * - - - - - | - * | <-- |CONVERSORBIN2DEC:22|~262~2
LC29 -> - - - - - - - - - - * - - - - - | - * | <-- |CONVERSORBIN2DEC:22|~262~3
LC31 -> - - - - - - - - - - - * - - - - | - * | <-- |CONVERSORBIN2DEC:22|~511~1
LC27 -> - - - - - - - - - - - * - - - - | - * | <-- |CONVERSORBIN2DEC:22|~511~2
LC26 -> - - - - - - - - - - - * - - - - | - * | <-- |CONVERSORBIN2DEC:22|~511~3
LC32 -> - - - - - - - - - - - - * - - - | - * | <-- |CONVERSORBIN2DEC:22|~724~1
LC30 -> - - - - - - - - - - - - * - - - | - * | <-- |CONVERSORBIN2DEC:22|~724~2
LC28 -> - - - - - - - - - - - - - * - - | - * | <-- |CONVERSORBIN2DEC:22|~893~1
LC23 -> - - - - - - - - - - - - - * - - | - * | <-- |CONVERSORBIN2DEC:22|~893~2

Pin
11   -> * * * * * * * * * - * - * * - - | - * | <-- I1
5    -> * * * * * * * * * * - * * * * * | * * | <-- I2
8    -> * * * * * * * * * * * * * * * * | * * | <-- I3
6    -> * * * * * * * * * * * * * * * * | * * | <-- I4
4    -> * * * * * * * * * * * * * * * * | * * | <-- I5
7    -> * * * * * * * * * * * * * * * * | * * | <-- I6


* = The logic cell or pin is an input to the logic cell (or LAB) through the PIA.
- = The logic cell or pin is not an input to the logic cell (or LAB).


Device-Specific Information:c:\documents and settings\germanoa\desktop\ufrgs\td\ap09\ap09\ap09.rpt
ap09

** EQUATIONS **

I0       : INPUT;
I1       : INPUT;
I2       : INPUT;
I3       : INPUT;
I4       : INPUT;
I5       : INPUT;
I6       : INPUT;

-- Node name is 'C' 
-- Equation name is 'C', location is LC009, type is output.
 C       = LCELL( _EQ001 $  I6);
  _EQ001 = !I2 & !I3 & !I4 &  I6
         # !I5 &  I6;

-- Node name is 'X1' 
-- Equation name is 'X1', location is LC008, type is output.
 X1      = LCELL( I0 $  GND);

-- Node name is 'X2' 
-- Equation name is 'X2', location is LC022, type is output.
 X2      = LCELL( _EQ002 $  VCC);
  _EQ002 = !_LC024 & !_LC025 & !_LC029 &  _X001;
  _X001  = EXP( I1 & !I3 & !I4 & !I5 & !I6);

-- Node name is 'X3' 
-- Equation name is 'X3', location is LC017, type is output.
 X3      = LCELL( _EQ003 $  VCC);
  _EQ003 = !_LC026 & !_LC027 & !_LC031 &  _X002;
  _X002  = EXP(!I2 &  I3 &  I4 & !I5 & !I6);

-- Node name is 'X4' 
-- Equation name is 'X4', location is LC018, type is output.
 X4      = LCELL( _EQ004 $  VCC);
  _EQ004 = !_LC030 & !_LC032 &  _X003 &  _X004;
  _X003  = EXP( I1 & !I2 & !I3 &  I4 & !I5 & !I6);
  _X004  = EXP(!I1 & !I2 &  I3 & !I4 & !I5 & !I6);

-- Node name is 'Y1' 
-- Equation name is 'Y1', location is LC019, type is output.
 Y1      = LCELL( _EQ005 $  _EQ006);
  _EQ005 = !I1 & !I2 & !I3 &  I4 &  I5 & !I6 & !_LC023 & !_LC028 &  _X002
         # !I1 & !I2 &  I3 &  I4 &  I6 & !_LC023 & !_LC028 &  _X002
         # !I1 &  I2 &  I3 &  I4 & !I6 & !_LC023 & !_LC028 &  _X002
         #  I2 & !I3 & !I4 &  I5 &  I6 & !_LC023 & !_LC028 &  _X002;
  _X002  = EXP(!I2 &  I3 &  I4 & !I5 & !I6);
  _EQ006 = !_LC023 & !_LC028 &  _X002;
  _X002  = EXP(!I2 &  I3 &  I4 & !I5 & !I6);

-- Node name is 'Y2' 
-- Equation name is 'Y2', location is LC020, type is output.
 Y2      = LCELL( _EQ007 $  GND);
  _EQ007 =  I3 &  I4 &  I5 &  I6
         #  I3 &  I4 & !I6 &  _X005
         #  I2 &  I4 & !I5 & !I6
         # !I3 & !I4 &  I5 & !I6
         # !I4 & !I5 &  I6;
  _X005  = EXP(!I2 &  I5);

-- Node name is 'Y3' 
-- Equation name is 'Y3', location is LC010, type is output.
 Y3      = LCELL( _EQ008 $  GND);
  _EQ008 =  I4 &  I5 & !I6
         #  I3 &  I5 & !I6
         # !I4 & !I5 &  I6;

-- Node name is 'Y4' 
-- Equation name is 'Y4', location is LC021, type is output.
 Y4      = LCELL( _EQ009 $  GND);
  _EQ009 = !I2 & !I3 & !I4 &  I5 &  I6
         #  I4 & !I5 &  I6;

-- Node name is '|CONVERSORBIN2DEC:22|~262~1' 
-- Equation name is '_LC024', type is buried 
-- synthesized logic cell 
_LC024   = LCELL( _EQ010 $  GND);
  _EQ010 =  I1 &  I2 & !I3 & !I4 &  I5 &  I6
         # !I1 & !I2 &  I3 &  I4 &  I5 & !I6
         #  I1 & !I2 &  I3 &  I4 & !I5 & !I6
         # !I1 & !I2 & !I3 &  I4 & !I5 & !I6
         #  I1 &  I2 &  I3 &  I4 &  I5;

-- Node name is '|CONVERSORBIN2DEC:22|~262~2' 
-- Equation name is '_LC025', type is buried 
-- synthesized logic cell 
_LC025   = LCELL( _EQ011 $  GND);
  _EQ011 =  I1 & !I2 &  I3 &  I5 &  I6
         #  I1 &  I3 & !I4 &  I5 & !I6
         # !I1 &  I2 & !I3 &  I4 &  I5
         #  I1 &  I2 & !I3 &  I4 & !I5
         # !I1 &  I2 &  I3 & !I5 &  I6;

-- Node name is '|CONVERSORBIN2DEC:22|~262~3' 
-- Equation name is '_LC029', type is buried 
-- synthesized logic cell 
_LC029   = LCELL( _EQ012 $  GND);
  _EQ012 = !I1 & !I2 & !I3 &  I5 &  I6
         #  I1 & !I2 & !I3 & !I5 &  I6
         # !I1 &  I3 & !I4 & !I5 &  I6
         # !I1 &  I2 &  I3 & !I4 & !I5
         # !I1 & !I3 & !I4 &  I5 & !I6;

-- Node name is '|CONVERSORBIN2DEC:22|~511~1' 
-- Equation name is '_LC031', type is buried 
-- synthesized logic cell 
_LC031   = LCELL( _EQ013 $  GND);
  _EQ013 =  I1 & !I2 & !I3 &  I4 &  I5 &  I6
         #  I1 &  I2 & !I3 &  I4 &  I5 & !I6
         # !I1 &  I2 &  I3 & !I4 & !I5 &  I6
         #  I1 & !I2 & !I3 & !I4 &  I5 & !I6
         #  I1 &  I2 &  I3 &  I4 &  I6;

-- Node name is '|CONVERSORBIN2DEC:22|~511~2' 
-- Equation name is '_LC027', type is buried 
-- synthesized logic cell 
_LC027   = LCELL( _EQ014 $  GND);
  _EQ014 = !I1 &  I2 &  I4 &  I5 &  I6
         #  I1 & !I2 &  I3 & !I4 &  I6
         #  I2 & !I3 &  I4 & !I5 &  I6
         #  I1 &  I2 &  I3 & !I4 & !I6
         # !I1 & !I2 & !I4 &  I5 &  I6;

-- Node name is '|CONVERSORBIN2DEC:22|~511~3' 
-- Equation name is '_LC026', type is buried 
-- synthesized logic cell 
_LC026   = LCELL( _EQ015 $  GND);
  _EQ015 = !I1 &  I2 & !I4 &  I5 & !I6
         # !I1 & !I2 &  I3 &  I4 & !I6
         # !I2 & !I3 & !I4 & !I5 &  I6
         #  I2 & !I3 & !I4 & !I5 & !I6
         # !I1 & !I2 &  I4 & !I5 & !I6;

-- Node name is '|CONVERSORBIN2DEC:22|~724~1' 
-- Equation name is '_LC032', type is buried 
-- synthesized logic cell 
_LC032   = LCELL( _EQ016 $  GND);
  _EQ016 =  I1 &  I2 & !I3 &  I4 &  I5 &  I6
         # !I1 &  I2 &  I3 & !I4 &  I5 &  I6
         #  I1 &  I2 &  I3 & !I4 & !I5 &  I6
         #  I1 & !I2 &  I3 &  I4 &  I5 & !I6
         #  I1 & !I2 & !I3 & !I4 &  I5 &  I6;

-- Node name is '|CONVERSORBIN2DEC:22|~724~2' 
-- Equation name is '_LC030', type is buried 
-- synthesized logic cell 
_LC030   = LCELL( _EQ017 $  GND);
  _EQ017 = !I1 & !I2 &  I3 &  I4 & !I5 &  I6
         #  I1 &  I2 & !I3 & !I4 &  I5 & !I6
         # !I1 &  I2 &  I3 &  I4 & !I5 & !I6
         # !I1 &  I2 & !I3 & !I4 & !I5 &  I6
         # !I1 & !I2 & !I3 &  I4 &  I5 & !I6;

-- Node name is '|CONVERSORBIN2DEC:22|~893~1' 
-- Equation name is '_LC028', type is buried 
-- synthesized logic cell 
_LC028   = LCELL( _EQ018 $  GND);
  _EQ018 = !I1 &  I2 & !I4 &  I5 &  I6
         # !I1 &  I2 & !I3 & !I4 &  I6
         # !I1 & !I2 &  I3 & !I5 & !I6
         #  I2 &  I3 &  I4 &  I5
         # !I2 &  I3 &  I5 &  I6;

-- Node name is '|CONVERSORBIN2DEC:22|~893~2' 
-- Equation name is '_LC023', type is buried 
-- synthesized logic cell 
_LC023   = LCELL( _EQ019 $  GND);
  _EQ019 =  I2 & !I3 &  I4 & !I5
         #  I3 & !I4 &  I5 & !I6
         # !I2 & !I3 & !I5 &  I6
         # !I3 & !I4 & !I5 & !I6;



--     Shareable expanders that are duplicated in multiple LABs:
--     (none)




Project Informationc:\documents and settings\germanoa\desktop\ufrgs\td\ap09\ap09\ap09.rpt

** COMPILATION SETTINGS & TIMES **

Processing Menu Commands
------------------------

Design Doctor                             = off

Logic Synthesis:

   Synthesis Type Used                    = Standard

   Default Synthesis Style                = NORMAL

      Logic option settings in 'NORMAL' style for 'MAX7000' family

      DECOMPOSE_GATES                     = on
      DUPLICATE_LOGIC_EXTRACTION          = on
      MINIMIZATION                        = full
      MULTI_LEVEL_FACTORING               = on
      NOT_GATE_PUSH_BACK                  = on
      PARALLEL_EXPANDERS                  = off
      REDUCE_LOGIC                        = on
      REFACTORIZATION                     = on
      REGISTER_OPTIMIZATION               = on
      RESYNTHESIZE_NETWORK                = on
      SLOW_SLEW_RATE                      = off
      SOFT_BUFFER_INSERTION               = on
      SUBFACTOR_EXTRACTION                = on
      TURBO_BIT                           = on
      XOR_SYNTHESIS                       = on
      IGNORE_SOFT_BUFFERS                 = off
      USE_LPM_FOR_AHDL_OPERATORS          = off

   Other logic synthesis settings:

      Automatic Global Clock              = on
      Automatic Global Clear              = on
      Automatic Global Preset             = on
      Automatic Global Output Enable      = on
      Automatic Fast I/O                  = off
      Automatic Register Packing          = off
      Automatic Open-Drain Pins           = on
      Automatic Implement in EAB          = off
      One-Hot State Machine Encoding      = off
      Optimize                            = 5

Default Timing Specifications: None

Cut All Bidir Feedback Timing Paths       = on
Cut All Clear & Preset Timing Paths       = on

Ignore Timing Assignments                 = on

Functional SNF Extractor                  = off

Linked SNF Extractor                      = off
Timing SNF Extractor                      = on
Optimize Timing SNF                       = off
Generate AHDL TDO File                    = off
Fitter Settings                           = NORMAL
Smart Recompile                           = off
Total Recompile                           = off

Interfaces Menu Commands
------------------------

EDIF Netlist Writer                       = off
Verilog Netlist Writer                    = off
VHDL Netlist Writer                       = off

Compilation Times
-----------------

   Compiler Netlist Extractor             00:00:00
   Database Builder                       00:00:00
   Logic Synthesizer                      00:00:01
   Partitioner                            00:00:04
   Fitter                                 00:00:01
   Timing SNF Extractor                   00:00:00
   Assembler                              00:00:00
   --------------------------             --------
   Total Time                             00:00:06


Memory Allocated
-----------------

Peak memory allocated during compilation  = 3,203K
