Project Informationc:\documents and settings\germanoa\desktop\ufrgs\td\ap09\ap09\conversorbin2dec.rpt

MAX+plus II Compiler Report File
Version 10.2 07/10/2002
Compiled: 05/20/2009 14:09:04

Copyright (C) 1988-2002 Altera Corporation
Any megafunction design, and related net list (encrypted or decrypted),
support information, device programming or simulation file, and any other
associated documentation or information provided by Altera or a partner
under Altera's Megafunction Partnership Program may be used only to
program PLD devices (but not masked PLD devices) from Altera.  Any other
use of such megafunction design, net list, support information, device
programming or simulation file, or any other related documentation or
information is prohibited for any other purpose, including, but not
limited to modification, reverse engineering, de-compiling, or use with
any other silicon devices, unless such use is explicitly licensed under
a separate agreement with Altera or a megafunction partner.  Title to
the intellectual property, including patents, copyrights, trademarks,
trade secrets, or maskworks, embodied in any such megafunction design,
net list, support information, device programming or simulation file, or
any other related documentation or information provided by Altera or a
megafunction partner, remains with Altera, the megafunction partner, or
their respective licensors.  No other licenses, including any licenses
needed under any third party's intellectual property, are provided herein.



***** Project compilation was successful


CONVERSORBIN2DEC


** DEVICE SUMMARY **

Chip/                     Input   Output   Bidir         Shareable
POF       Device          Pins    Pins     Pins     LCs  Expanders  % Utilized

conversorbin2dec
      EPM7032LC44-6        6        7        0      17      5           53 %

User Pins:                 6        7        0  



Device-Specific Information:c:\documents and settings\germanoa\desktop\ufrgs\td\ap09\ap09\conversorbin2dec.rpt
conversorbin2dec

***** Logic for device 'conversorbin2dec' compiled without errors.




Device: EPM7032LC44-6

Device Options:
    Turbo Bit                                    = ON
    Security Bit                                 = OFF

                                         R  R  
                                         E  E  
                                         S  S  
                                         E  E  
                                         R  R  
                       V  G  G  G  G  G  V  V  
              I  I  I  C  N  N  N  N  N  E  E  
              5  4  3  C  D  D  D  D  D  D  D  
            -----------------------------------_ 
          /   6  5  4  3  2  1 44 43 42 41 40   | 
      I6 |  7                                39 | RESERVED 
      I1 |  8                                38 | RESERVED 
      I2 |  9                                37 | RESERVED 
     GND | 10                                36 | RESERVED 
      y3 | 11                                35 | VCC 
RESERVED | 12         EPM7032LC44-6          34 | RESERVED 
RESERVED | 13                                33 | RESERVED 
RESERVED | 14                                32 | RESERVED 
     VCC | 15                                31 | y4 
RESERVED | 16                                30 | GND 
RESERVED | 17                                29 | x2 
         |_  18 19 20 21 22 23 24 25 26 27 28  _| 
           ------------------------------------ 
              R  R  R  R  G  V  x  y  x  R  y  
              E  E  E  E  N  C  4  1  3  E  2  
              S  S  S  S  D  C           S     
              E  E  E  E                 E     
              R  R  R  R                 R     
              V  V  V  V                 V     
              E  E  E  E                 E     
              D  D  D  D                 D     


N.C. = No Connect. This pin has no internal connection to the device.
VCC = Dedicated power pin, which MUST be connected to VCC.
GND = Dedicated ground pin or unused dedicated input, which MUST be connected to GND.
RESERVED = Unused I/O pin, which MUST be left unconnected.



Device-Specific Information:c:\documents and settings\germanoa\desktop\ufrgs\td\ap09\ap09\conversorbin2dec.rpt
conversorbin2dec

** RESOURCE USAGE **

                                                Shareable     External
Logic Array Block     Logic Cells   I/O Pins    Expanders   Interconnect

A:     LC1 - LC16     1/16(  6%)   7/16( 43%)   0/16(  0%)   4/36( 11%) 
B:    LC17 - LC32    16/16(100%)   6/16( 37%)  16/16(100%)  16/36( 44%) 


Total dedicated input pins used:                 0/4      (  0%)
Total I/O pins used:                            13/32     ( 40%)
Total logic cells used:                         17/32     ( 53%)
Total shareable expanders used:                  5/32     ( 15%)
Total Turbo logic cells used:                   17/32     ( 53%)
Total shareable expanders not available (n/a):  11/32     ( 34%)
Average fan-in:                                  6.17
Total fan-in:                                   105

Total input pins required:                       6
Total output pins required:                      7
Total bidirectional pins required:               0
Total logic cells required:                     17
Total flipflops required:                        0
Total product terms required:                   72
Total logic cells lending parallel expanders:    0
Total shareable expanders in database:           5

Synthesized logic cells:                        10/  32   ( 31%)



Device-Specific Information:c:\documents and settings\germanoa\desktop\ufrgs\td\ap09\ap09\conversorbin2dec.rpt
conversorbin2dec

** INPUTS **

                                         Shareable
                                         Expanders     Fan-In    Fan-Out
 Pin     LC  LAB  Primitive    Code   Total Shared n/a INP  FBK  OUT  FBK  Name
   8    (5)  (A)      INPUT               0      0   0    0    0    3    9  I1
   9    (6)  (A)      INPUT               0      0   0    0    0    5   10  I2
   4    (1)  (A)      INPUT               0      0   0    0    0    7   10  I3
   5    (2)  (A)      INPUT               0      0   0    0    0    7   10  I4
   6    (3)  (A)      INPUT               0      0   0    0    0    7   10  I5
   7    (4)  (A)      INPUT               0      0   0    0    0    7   10  I6


Code:

s = Synthesized pin or logic cell
t = Turbo logic cell
+ = Synchronous flipflop
! = NOT gate push-back
r = Fitter-inserted logic cell


Device-Specific Information:c:\documents and settings\germanoa\desktop\ufrgs\td\ap09\ap09\conversorbin2dec.rpt
conversorbin2dec

** OUTPUTS **

                                         Shareable
                                         Expanders     Fan-In    Fan-Out
 Pin     LC  LAB  Primitive    Code   Total Shared n/a INP  FBK  OUT  FBK  Name
  29     27    B     OUTPUT      t        1      0   0    5    3    0    0  x2
  26     30    B     OUTPUT      t        1      1   0    5    3    0    0  x3
  24     32    B     OUTPUT      t        2      0   0    6    2    0    0  x4
  25     31    B     OUTPUT      t        2      1   1    6    2    0    0  y1
  28     28    B     OUTPUT      t        2      0   1    5    0    0    0  y2
  11      7    A     OUTPUT      t        0      0   0    4    0    0    0  y3
  31     26    B     OUTPUT      t        0      0   0    5    0    0    0  y4


Code:

s = Synthesized pin or logic cell
t = Turbo logic cell
+ = Synchronous flipflop
! = NOT gate push-back
r = Fitter-inserted logic cell


Device-Specific Information:c:\documents and settings\germanoa\desktop\ufrgs\td\ap09\ap09\conversorbin2dec.rpt
conversorbin2dec

** BURIED LOGIC **

                                         Shareable
                                         Expanders     Fan-In    Fan-Out
 Pin     LC  LAB  Primitive    Code   Total Shared n/a INP  FBK  OUT  FBK  Name
 (41)    17    B       SOFT    s t        1      0   1    6    0    1    0  ~262~1
 (40)    18    B       SOFT    s t        1      0   1    6    0    1    0  ~262~2
 (39)    19    B       SOFT    s t        1      0   1    6    0    1    0  ~262~3
 (38)    20    B       SOFT    s t        1      0   1    6    0    1    0  ~511~1
 (37)    21    B       SOFT    s t        1      0   1    6    0    1    0  ~511~2
 (36)    22    B       SOFT    s t        1      0   1    6    0    1    0  ~511~3
 (34)    23    B       SOFT    s t        1      0   1    6    0    1    0  ~724~1
 (33)    24    B       SOFT    s t        1      0   1    6    0    1    0  ~724~2
 (32)    25    B       SOFT    s t        1      0   1    6    0    1    0  ~893~1
 (27)    29    B       SOFT    s t        0      0   0    5    0    1    0  ~893~2


Code:

s = Synthesized pin or logic cell
t = Turbo logic cell
+ = Synchronous flipflop
! = NOT gate push-back
r = Fitter-inserted logic cell


Device-Specific Information:c:\documents and settings\germanoa\desktop\ufrgs\td\ap09\ap09\conversorbin2dec.rpt
conversorbin2dec

** LOGIC CELL INTERCONNECTIONS **

Logic Array Block 'A':

           Logic cells placed in LAB 'A'
        +- LC7 y3
        | 
        |   Other LABs fed by signals
        |   that feed LAB 'A'
LC      | | A B |     Logic cells that feed LAB 'A':

Pin
4    -> * | * * | <-- I3
5    -> * | * * | <-- I4
6    -> * | * * | <-- I5
7    -> * | * * | <-- I6


* = The logic cell or pin is an input to the logic cell (or LAB) through the PIA.
- = The logic cell or pin is not an input to the logic cell (or LAB).


Device-Specific Information:c:\documents and settings\germanoa\desktop\ufrgs\td\ap09\ap09\conversorbin2dec.rpt
conversorbin2dec

** LOGIC CELL INTERCONNECTIONS **

Logic Array Block 'B':

                                         Logic cells placed in LAB 'B'
        +------------------------------- LC27 x2
        | +----------------------------- LC30 x3
        | | +--------------------------- LC32 x4
        | | | +------------------------- LC31 y1
        | | | | +----------------------- LC28 y2
        | | | | | +--------------------- LC26 y4
        | | | | | | +------------------- LC17 ~262~1
        | | | | | | | +----------------- LC18 ~262~2
        | | | | | | | | +--------------- LC19 ~262~3
        | | | | | | | | | +------------- LC20 ~511~1
        | | | | | | | | | | +----------- LC21 ~511~2
        | | | | | | | | | | | +--------- LC22 ~511~3
        | | | | | | | | | | | | +------- LC23 ~724~1
        | | | | | | | | | | | | | +----- LC24 ~724~2
        | | | | | | | | | | | | | | +--- LC25 ~893~1
        | | | | | | | | | | | | | | | +- LC29 ~893~2
        | | | | | | | | | | | | | | | | 
        | | | | | | | | | | | | | | | |   Other LABs fed by signals
        | | | | | | | | | | | | | | | |   that feed LAB 'B'
LC      | | | | | | | | | | | | | | | | | A B |     Logic cells that feed LAB 'B':
LC17 -> * - - - - - - - - - - - - - - - | - * | <-- ~262~1
LC18 -> * - - - - - - - - - - - - - - - | - * | <-- ~262~2
LC19 -> * - - - - - - - - - - - - - - - | - * | <-- ~262~3
LC20 -> - * - - - - - - - - - - - - - - | - * | <-- ~511~1
LC21 -> - * - - - - - - - - - - - - - - | - * | <-- ~511~2
LC22 -> - * - - - - - - - - - - - - - - | - * | <-- ~511~3
LC23 -> - - * - - - - - - - - - - - - - | - * | <-- ~724~1
LC24 -> - - * - - - - - - - - - - - - - | - * | <-- ~724~2
LC25 -> - - - * - - - - - - - - - - - - | - * | <-- ~893~1
LC29 -> - - - * - - - - - - - - - - - - | - * | <-- ~893~2

Pin
8    -> * - * * - - * * * * * * * * * - | - * | <-- I1
9    -> - * * * * * * * * * * * * * * * | - * | <-- I2
4    -> * * * * * * * * * * * * * * * * | * * | <-- I3
5    -> * * * * * * * * * * * * * * * * | * * | <-- I4
6    -> * * * * * * * * * * * * * * * * | * * | <-- I5
7    -> * * * * * * * * * * * * * * * * | * * | <-- I6


* = The logic cell or pin is an input to the logic cell (or LAB) through the PIA.
- = The logic cell or pin is not an input to the logic cell (or LAB).


Device-Specific Information:c:\documents and settings\germanoa\desktop\ufrgs\td\ap09\ap09\conversorbin2dec.rpt
conversorbin2dec

** EQUATIONS **

I1       : INPUT;
I2       : INPUT;
I3       : INPUT;
I4       : INPUT;
I5       : INPUT;
I6       : INPUT;

-- Node name is 'x2' 
-- Equation name is 'x2', location is LC027, type is output.
 x2      = LCELL( _EQ001 $  VCC);
  _EQ001 = !_LC017 & !_LC018 & !_LC019 &  _X001;
  _X001  = EXP( I1 & !I3 & !I4 & !I5 & !I6);

-- Node name is 'x3' 
-- Equation name is 'x3', location is LC030, type is output.
 x3      = LCELL( _EQ002 $  VCC);
  _EQ002 = !_LC020 & !_LC021 & !_LC022 &  _X002;
  _X002  = EXP(!I2 &  I3 &  I4 & !I5 & !I6);

-- Node name is 'x4' 
-- Equation name is 'x4', location is LC032, type is output.
 x4      = LCELL( _EQ003 $  VCC);
  _EQ003 = !_LC023 & !_LC024 &  _X003 &  _X004;
  _X003  = EXP( I1 & !I2 & !I3 &  I4 & !I5 & !I6);
  _X004  = EXP(!I1 & !I2 &  I3 & !I4 & !I5 & !I6);

-- Node name is 'y1' 
-- Equation name is 'y1', location is LC031, type is output.
 y1      = LCELL( _EQ004 $  _EQ005);
  _EQ004 = !I1 & !I2 & !I3 &  I4 &  I5 & !I6 & !_LC025 & !_LC029 &  _X002
         # !I1 & !I2 &  I3 &  I4 &  I6 & !_LC025 & !_LC029 &  _X002
         # !I1 &  I2 &  I3 &  I4 & !I6 & !_LC025 & !_LC029 &  _X002
         #  I2 & !I3 & !I4 &  I5 &  I6 & !_LC025 & !_LC029 &  _X002;
  _X002  = EXP(!I2 &  I3 &  I4 & !I5 & !I6);
  _EQ005 = !_LC025 & !_LC029 &  _X002;
  _X002  = EXP(!I2 &  I3 &  I4 & !I5 & !I6);

-- Node name is 'y2' 
-- Equation name is 'y2', location is LC028, type is output.
 y2      = LCELL( _EQ006 $  GND);
  _EQ006 =  I3 &  I4 &  I5 &  I6
         #  I3 &  I4 & !I6 &  _X005
         #  I2 &  I4 & !I5 & !I6
         # !I3 & !I4 &  I5 & !I6
         # !I4 & !I5 &  I6;
  _X005  = EXP(!I2 &  I5);

-- Node name is 'y3' 
-- Equation name is 'y3', location is LC007, type is output.
 y3      = LCELL( _EQ007 $  GND);
  _EQ007 =  I4 &  I5 & !I6
         #  I3 &  I5 & !I6
         # !I4 & !I5 &  I6;

-- Node name is 'y4' 
-- Equation name is 'y4', location is LC026, type is output.
 y4      = LCELL( _EQ008 $  GND);
  _EQ008 = !I2 & !I3 & !I4 &  I5 &  I6
         #  I4 & !I5 &  I6;

-- Node name is '~262~1' 
-- Equation name is '~262~1', location is LC017, type is buried.
-- synthesized logic cell 
_LC017   = LCELL( _EQ009 $  GND);
  _EQ009 =  I1 &  I2 & !I3 & !I4 &  I5 &  I6
         # !I1 & !I2 &  I3 &  I4 &  I5 & !I6
         #  I1 & !I2 &  I3 &  I4 & !I5 & !I6
         # !I1 & !I2 & !I3 &  I4 & !I5 & !I6
         #  I1 &  I2 &  I3 &  I4 &  I5;

-- Node name is '~262~2' 
-- Equation name is '~262~2', location is LC018, type is buried.
-- synthesized logic cell 
_LC018   = LCELL( _EQ010 $  GND);
  _EQ010 =  I1 & !I2 &  I3 &  I5 &  I6
         #  I1 &  I3 & !I4 &  I5 & !I6
         # !I1 &  I2 & !I3 &  I4 &  I5
         #  I1 &  I2 & !I3 &  I4 & !I5
         # !I1 &  I2 &  I3 & !I5 &  I6;

-- Node name is '~262~3' 
-- Equation name is '~262~3', location is LC019, type is buried.
-- synthesized logic cell 
_LC019   = LCELL( _EQ011 $  GND);
  _EQ011 = !I1 & !I2 & !I3 &  I5 &  I6
         #  I1 & !I2 & !I3 & !I5 &  I6
         # !I1 &  I3 & !I4 & !I5 &  I6
         # !I1 &  I2 &  I3 & !I4 & !I5
         # !I1 & !I3 & !I4 &  I5 & !I6;

-- Node name is '~511~1' 
-- Equation name is '~511~1', location is LC020, type is buried.
-- synthesized logic cell 
_LC020   = LCELL( _EQ012 $  GND);
  _EQ012 =  I1 & !I2 & !I3 &  I4 &  I5 &  I6
         #  I1 &  I2 & !I3 &  I4 &  I5 & !I6
         # !I1 &  I2 &  I3 & !I4 & !I5 &  I6
         #  I1 & !I2 & !I3 & !I4 &  I5 & !I6
         #  I1 &  I2 &  I3 &  I4 &  I6;

-- Node name is '~511~2' 
-- Equation name is '~511~2', location is LC021, type is buried.
-- synthesized logic cell 
_LC021   = LCELL( _EQ013 $  GND);
  _EQ013 = !I1 &  I2 &  I4 &  I5 &  I6
         #  I1 & !I2 &  I3 & !I4 &  I6
         #  I2 & !I3 &  I4 & !I5 &  I6
         #  I1 &  I2 &  I3 & !I4 & !I6
         # !I1 & !I2 & !I4 &  I5 &  I6;

-- Node name is '~511~3' 
-- Equation name is '~511~3', location is LC022, type is buried.
-- synthesized logic cell 
_LC022   = LCELL( _EQ014 $  GND);
  _EQ014 = !I1 &  I2 & !I4 &  I5 & !I6
         # !I1 & !I2 &  I3 &  I4 & !I6
         # !I2 & !I3 & !I4 & !I5 &  I6
         #  I2 & !I3 & !I4 & !I5 & !I6
         # !I1 & !I2 &  I4 & !I5 & !I6;

-- Node name is '~724~1' 
-- Equation name is '~724~1', location is LC023, type is buried.
-- synthesized logic cell 
_LC023   = LCELL( _EQ015 $  GND);
  _EQ015 =  I1 &  I2 & !I3 &  I4 &  I5 &  I6
         # !I1 &  I2 &  I3 & !I4 &  I5 &  I6
         #  I1 &  I2 &  I3 & !I4 & !I5 &  I6
         #  I1 & !I2 &  I3 &  I4 &  I5 & !I6
         #  I1 & !I2 & !I3 & !I4 &  I5 &  I6;

-- Node name is '~724~2' 
-- Equation name is '~724~2', location is LC024, type is buried.
-- synthesized logic cell 
_LC024   = LCELL( _EQ016 $  GND);
  _EQ016 = !I1 & !I2 &  I3 &  I4 & !I5 &  I6
         #  I1 &  I2 & !I3 & !I4 &  I5 & !I6
         # !I1 &  I2 &  I3 &  I4 & !I5 & !I6
         # !I1 &  I2 & !I3 & !I4 & !I5 &  I6
         # !I1 & !I2 & !I3 &  I4 &  I5 & !I6;

-- Node name is '~893~1' 
-- Equation name is '~893~1', location is LC025, type is buried.
-- synthesized logic cell 
_LC025   = LCELL( _EQ017 $  GND);
  _EQ017 = !I1 &  I2 & !I4 &  I5 &  I6
         # !I1 &  I2 & !I3 & !I4 &  I6
         # !I1 & !I2 &  I3 & !I5 & !I6
         #  I2 &  I3 &  I4 &  I5
         # !I2 &  I3 &  I5 &  I6;

-- Node name is '~893~2' 
-- Equation name is '~893~2', location is LC029, type is buried.
-- synthesized logic cell 
_LC029   = LCELL( _EQ018 $  GND);
  _EQ018 =  I2 & !I3 &  I4 & !I5
         #  I3 & !I4 &  I5 & !I6
         # !I2 & !I3 & !I5 &  I6
         # !I3 & !I4 & !I5 & !I6;



--     Shareable expanders that are duplicated in multiple LABs:
--     (none)




Project Informationc:\documents and settings\germanoa\desktop\ufrgs\td\ap09\ap09\conversorbin2dec.rpt

** COMPILATION SETTINGS & TIMES **

Processing Menu Commands
------------------------

Design Doctor                             = off

Logic Synthesis:

   Synthesis Type Used                    = Standard

   Default Synthesis Style                = NORMAL

      Logic option settings in 'NORMAL' style for 'MAX7000' family

      DECOMPOSE_GATES                     = on
      DUPLICATE_LOGIC_EXTRACTION          = on
      MINIMIZATION                        = full
      MULTI_LEVEL_FACTORING               = on
      NOT_GATE_PUSH_BACK                  = on
      PARALLEL_EXPANDERS                  = off
      REDUCE_LOGIC                        = on
      REFACTORIZATION                     = on
      REGISTER_OPTIMIZATION               = on
      RESYNTHESIZE_NETWORK                = on
      SLOW_SLEW_RATE                      = off
      SOFT_BUFFER_INSERTION               = on
      SUBFACTOR_EXTRACTION                = on
      TURBO_BIT                           = on
      XOR_SYNTHESIS                       = on
      IGNORE_SOFT_BUFFERS                 = off
      USE_LPM_FOR_AHDL_OPERATORS          = off

   Other logic synthesis settings:

      Automatic Global Clock              = on
      Automatic Global Clear              = on
      Automatic Global Preset             = on
      Automatic Global Output Enable      = on
      Automatic Fast I/O                  = off
      Automatic Register Packing          = off
      Automatic Open-Drain Pins           = on
      Automatic Implement in EAB          = off
      One-Hot State Machine Encoding      = off
      Optimize                            = 5

Default Timing Specifications: None

Cut All Bidir Feedback Timing Paths       = on
Cut All Clear & Preset Timing Paths       = on

Ignore Timing Assignments                 = on

Functional SNF Extractor                  = off

Linked SNF Extractor                      = off
Timing SNF Extractor                      = on
Optimize Timing SNF                       = off
Generate AHDL TDO File                    = off
Fitter Settings                           = NORMAL
Smart Recompile                           = off
Total Recompile                           = off

Interfaces Menu Commands
------------------------

EDIF Netlist Writer                       = off
Verilog Netlist Writer                    = off
VHDL Netlist Writer                       = off

Compilation Times
-----------------

   Compiler Netlist Extractor             00:00:00
   Database Builder                       00:00:00
   Logic Synthesizer                      00:00:00
   Partitioner                            00:00:00
   Fitter                                 00:00:00
   Timing SNF Extractor                   00:00:00
   Assembler                              00:00:00
   --------------------------             --------
   Total Time                             00:00:00


Memory Allocated
-----------------

Peak memory allocated during compilation  = 3,800K
